This is pdfTeX, Version 3.14159265-2.6-1.40.17 (TeX Live 2016) (preloaded format=pdflatex 2016.5.22)  4 AUG 2017 12:00
entering extended mode
 restricted \write18 enabled.
 %&-line parsing enabled.
**p2-shooting.tex
(./p2-shooting.tex
LaTeX2e <2016/03/31>
Babel <3.9r> and hyphenation patterns for 83 language(s) loaded.
(/usr/local/texlive/2016/texmf-dist/tex/latex/base/article.cls
Document Class: article 2014/09/29 v1.4h Standard LaTeX document class
(/usr/local/texlive/2016/texmf-dist/tex/latex/base/size12.clo
File: size12.clo 2014/09/29 v1.4h Standard LaTeX file (size option)
)
\c@part=\count79
\c@section=\count80
\c@subsection=\count81
\c@subsubsection=\count82
\c@paragraph=\count83
\c@subparagraph=\count84
\c@figure=\count85
\c@table=\count86
\abovecaptionskip=\skip41
\belowcaptionskip=\skip42
\bibindent=\dimen102
)
(/usr/local/texlive/2016/texmf-dist/tex/latex/graphics/graphicx.sty
Package: graphicx 2014/10/28 v1.0g Enhanced LaTeX Graphics (DPC,SPQR)

(/usr/local/texlive/2016/texmf-dist/tex/latex/graphics/keyval.sty
Package: keyval 2014/10/28 v1.15 key=value parser (DPC)
\KV@toks@=\toks14
)
(/usr/local/texlive/2016/texmf-dist/tex/latex/graphics/graphics.sty
Package: graphics 2016/05/09 v1.0r Standard LaTeX Graphics (DPC,SPQR)

(/usr/local/texlive/2016/texmf-dist/tex/latex/graphics/trig.sty
Package: trig 2016/01/03 v1.10 sin cos tan (DPC)
)
(/usr/local/texlive/2016/texmf-dist/tex/latex/graphics-cfg/graphics.cfg
File: graphics.cfg 2016/01/02 v1.10 sample graphics configuration
)
Package graphics Info: Driver file: pdftex.def on input line 96.

(/usr/local/texlive/2016/texmf-dist/tex/latex/pdftex-def/pdftex.def
File: pdftex.def 2011/05/27 v0.06d Graphics/color for pdfTeX

(/usr/local/texlive/2016/texmf-dist/tex/generic/oberdiek/infwarerr.sty
Package: infwarerr 2016/05/16 v1.4 Providing info/warning/error messages (HO)
)
(/usr/local/texlive/2016/texmf-dist/tex/generic/oberdiek/ltxcmds.sty
Package: ltxcmds 2016/05/16 v1.23 LaTeX kernel commands for general use (HO)
)
\Gread@gobject=\count87
))
\Gin@req@height=\dimen103
\Gin@req@width=\dimen104
)
(/usr/local/texlive/2016/texmf-dist/tex/latex/anysize/anysize.sty
Package: anysize 1994/08/13 setting margin sizes

document style option `anysize' loaded
Michael Salzenberg, Thomas Esser, Dirk Hillbrecht
Version 1.0, Aug 13, 1994
\@Leftmargin=\dimen105
\@Rightmargin=\dimen106
\@Topmargin=\dimen107
\@Bottommargin=\dimen108
) (/usr/local/texlive/2016/texmf-dist/tex/latex/doublestroke/dsfont.sty
Package: dsfont 1995/08/01 v0.1 Double stroke roman fonts
)
(/usr/local/texlive/2016/texmf-dist/tex/latex/preprint/fullpage.sty
Package: fullpage 1999/02/23 1.1 (PWD)
\FP@margin=\skip43
)
(/usr/local/texlive/2016/texmf-dist/tex/latex/tools/verbatim.sty
Package: verbatim 2014/10/28 v1.5q LaTeX2e package for verbatim enhancements
\every@verbatim=\toks15
\verbatim@line=\toks16
\verbatim@in@stream=\read1
)
(/usr/local/texlive/2016/texmf-dist/tex/latex/url/url.sty
\Urlmuskip=\muskip10
Package: url 2013/09/16  ver 3.4  Verb mode for urls, etc.
)
(/usr/local/texlive/2016/texmf-dist/tex/latex/appendix/appendix.sty
Package: appendix 2009/09/02 v1.2b extra appendix facilities
\c@@pps=\count88
\c@@ppsavesec=\count89
\c@@ppsaveapp=\count90
)
(/usr/local/texlive/2016/texmf-dist/tex/latex/tocloft/tocloft.sty
Package: tocloft 2013/05/02 v2.3f parameterised ToC, etc., typesetting
Package tocloft Info: The document has section divisions on input line 44.
\cftparskip=\skip44
\cftbeforetoctitleskip=\skip45
\cftaftertoctitleskip=\skip46
\cftbeforepartskip=\skip47
\cftpartnumwidth=\skip48
\cftpartindent=\skip49
\cftbeforesecskip=\skip50
\cftsecindent=\skip51
\cftsecnumwidth=\skip52
\cftbeforesubsecskip=\skip53
\cftsubsecindent=\skip54
\cftsubsecnumwidth=\skip55
\cftbeforesubsubsecskip=\skip56
\cftsubsubsecindent=\skip57
\cftsubsubsecnumwidth=\skip58
\cftbeforeparaskip=\skip59
\cftparaindent=\skip60
\cftparanumwidth=\skip61
\cftbeforesubparaskip=\skip62
\cftsubparaindent=\skip63
\cftsubparanumwidth=\skip64
\cftbeforeloftitleskip=\skip65
\cftafterloftitleskip=\skip66
\cftbeforefigskip=\skip67
\cftfigindent=\skip68
\cftfignumwidth=\skip69
\c@lofdepth=\count91
\c@lotdepth=\count92
\cftbeforelottitleskip=\skip70
\cftafterlottitleskip=\skip71
\cftbeforetabskip=\skip72
\cfttabindent=\skip73
\cfttabnumwidth=\skip74
)
(/usr/local/texlive/2016/texmf-dist/tex/latex/amsfonts/amsfonts.sty
Package: amsfonts 2013/01/14 v3.01 Basic AMSFonts support
\@emptytoks=\toks17
\symAMSa=\mathgroup4
\symAMSb=\mathgroup5
LaTeX Font Info:    Overwriting math alphabet `\mathfrak' in version `bold'
(Font)                  U/euf/m/n --> U/euf/b/n on input line 106.
)
(/usr/local/texlive/2016/texmf-dist/tex/latex/amsfonts/amssymb.sty
Package: amssymb 2013/01/14 v3.01 AMS font symbols
)
(/usr/local/texlive/2016/texmf-dist/tex/latex/amscls/amsthm.sty
Package: amsthm 2015/03/04 v2.20.2
\thm@style=\toks18
\thm@bodyfont=\toks19
\thm@headfont=\toks20
\thm@notefont=\toks21
\thm@headpunct=\toks22
\thm@preskip=\skip75
\thm@postskip=\skip76
\thm@headsep=\skip77
\dth@everypar=\toks23
)
(/usr/local/texlive/2016/texmf-dist/tex/latex/graphics/color.sty
Package: color 2016/05/09 v1.1c Standard LaTeX Color (DPC)

(/usr/local/texlive/2016/texmf-dist/tex/latex/graphics-cfg/color.cfg
File: color.cfg 2016/01/02 v1.6 sample color configuration
)
Package color Info: Driver file: pdftex.def on input line 144.
)
(/usr/local/texlive/2016/texmf-dist/tex/latex/tools/enumerate.sty
Package: enumerate 2015/07/23 v3.00 enumerate extensions (DPC)
\@enLab=\toks24
)
(/usr/local/texlive/2016/texmf-dist/tex/latex/tools/multicol.sty
Package: multicol 2016/04/07 v1.8p multicolumn formatting (FMi)
\c@tracingmulticols=\count93
\mult@box=\box26
\multicol@leftmargin=\dimen109
\c@unbalance=\count94
\c@collectmore=\count95
\doublecol@number=\count96
\multicoltolerance=\count97
\multicolpretolerance=\count98
\full@width=\dimen110
\page@free=\dimen111
\premulticols=\dimen112
\postmulticols=\dimen113
\multicolsep=\skip78
\multicolbaselineskip=\skip79
\partial@page=\box27
\last@line=\box28
\maxbalancingoverflow=\dimen114
\mult@rightbox=\box29
\mult@grightbox=\box30
\mult@gfirstbox=\box31
\mult@firstbox=\box32
\@tempa=\box33
\@tempa=\box34
\@tempa=\box35
\@tempa=\box36
\@tempa=\box37
\@tempa=\box38
\@tempa=\box39
\@tempa=\box40
\@tempa=\box41
\@tempa=\box42
\@tempa=\box43
\@tempa=\box44
\@tempa=\box45
\@tempa=\box46
\@tempa=\box47
\@tempa=\box48
\@tempa=\box49
\c@columnbadness=\count99
\c@finalcolumnbadness=\count100
\last@try=\dimen115
\multicolovershoot=\dimen116
\multicolundershoot=\dimen117
\mult@nat@firstbox=\box50
\colbreak@box=\box51
\mc@col@check@num=\count101
)
(/usr/local/texlive/2016/texmf-dist/tex/latex/amsmath/amsmath.sty
Package: amsmath 2016/03/10 v2.15b AMS math features
\@mathmargin=\skip80

For additional information on amsmath, use the `?' option.
(/usr/local/texlive/2016/texmf-dist/tex/latex/amsmath/amstext.sty
Package: amstext 2000/06/29 v2.01 AMS text

(/usr/local/texlive/2016/texmf-dist/tex/latex/amsmath/amsgen.sty
File: amsgen.sty 1999/11/30 v2.0 generic functions
\@emptytoks=\toks25
\ex@=\dimen118
))
(/usr/local/texlive/2016/texmf-dist/tex/latex/amsmath/amsbsy.sty
Package: amsbsy 1999/11/29 v1.2d Bold Symbols
\pmbraise@=\dimen119
)
(/usr/local/texlive/2016/texmf-dist/tex/latex/amsmath/amsopn.sty
Package: amsopn 2016/03/08 v2.02 operator names
)
\inf@bad=\count102
LaTeX Info: Redefining \frac on input line 199.
\uproot@=\count103
\leftroot@=\count104
LaTeX Info: Redefining \overline on input line 297.
\classnum@=\count105
\DOTSCASE@=\count106
LaTeX Info: Redefining \ldots on input line 394.
LaTeX Info: Redefining \dots on input line 397.
LaTeX Info: Redefining \cdots on input line 518.
\Mathstrutbox@=\box52
\strutbox@=\box53
\big@size=\dimen120
LaTeX Font Info:    Redeclaring font encoding OML on input line 634.
LaTeX Font Info:    Redeclaring font encoding OMS on input line 635.
\macc@depth=\count107
\c@MaxMatrixCols=\count108
\dotsspace@=\muskip11
\c@parentequation=\count109
\dspbrk@lvl=\count110
\tag@help=\toks26
\row@=\count111
\column@=\count112
\maxfields@=\count113
\andhelp@=\toks27
\eqnshift@=\dimen121
\alignsep@=\dimen122
\tagshift@=\dimen123
\tagwidth@=\dimen124
\totwidth@=\dimen125
\lineht@=\dimen126
\@envbody=\toks28
\multlinegap=\skip81
\multlinetaggap=\skip82
\mathdisplay@stack=\toks29
LaTeX Info: Redefining \[ on input line 2739.
LaTeX Info: Redefining \] on input line 2740.
)
(/usr/local/texlive/2016/texmf-dist/tex/latex/placeins/placeins.sty
Package: placeins 2005/04/18  v 2.2
)
(/usr/local/texlive/2016/texmf-dist/tex/latex/titlesec/titlesec.sty
Package: titlesec 2016/03/21 v2.10.2 Sectioning titles
\ttl@box=\box54
\beforetitleunit=\skip83
\aftertitleunit=\skip84
\ttl@plus=\dimen127
\ttl@minus=\dimen128
\ttl@toksa=\toks30
\titlewidth=\dimen129
\titlewidthlast=\dimen130
\titlewidthfirst=\dimen131
)
(/usr/local/texlive/2016/texmf-dist/tex/latex/csvsimple/csvsimple.sty
Package: csvsimple 2014/07/14 version 1.12 LaTeX CSV file processing

(/usr/local/texlive/2016/texmf-dist/tex/latex/pgf/utilities/pgfkeys.sty
(/usr/local/texlive/2016/texmf-dist/tex/generic/pgf/utilities/pgfkeys.code.tex
\pgfkeys@pathtoks=\toks31
\pgfkeys@temptoks=\toks32

(/usr/local/texlive/2016/texmf-dist/tex/generic/pgf/utilities/pgfkeysfiltered.c
ode.tex
\pgfkeys@tmptoks=\toks33
))) (/usr/local/texlive/2016/texmf-dist/tex/latex/base/ifthen.sty
Package: ifthen 2014/09/29 v1.1c Standard LaTeX ifthen package (DPC)
)
\csv@file=\read2
\c@csvinputline=\count114
\c@csvrow=\count115
\c@csvcol=\count116
\csv@out=\write3
)
(/usr/local/texlive/2016/texmf-dist/tex/latex/tools/longtable.sty
Package: longtable 2014/10/28 v4.11 Multi-page Table package (DPC)
\LTleft=\skip85
\LTright=\skip86
\LTpre=\skip87
\LTpost=\skip88
\LTchunksize=\count117
\LTcapwidth=\dimen132
\LT@head=\box55
\LT@firsthead=\box56
\LT@foot=\box57
\LT@lastfoot=\box58
\LT@cols=\count118
\LT@rows=\count119
\c@LT@tables=\count120
\c@LT@chunks=\count121
\LT@p@ftn=\toks34
)
(/usr/local/texlive/2016/texmf-dist/tex/latex/booktabs/booktabs.sty
Package: booktabs 2016/04/27 v1.618033 publication quality tables
\heavyrulewidth=\dimen133
\lightrulewidth=\dimen134
\cmidrulewidth=\dimen135
\belowrulesep=\dimen136
\belowbottomsep=\dimen137
\aboverulesep=\dimen138
\abovetopsep=\dimen139
\cmidrulesep=\dimen140
\cmidrulekern=\dimen141
\defaultaddspace=\dimen142
\@cmidla=\count122
\@cmidlb=\count123
\@aboverulesep=\dimen143
\@belowrulesep=\dimen144
\@thisruleclass=\count124
\@lastruleclass=\count125
\@thisrulewidth=\dimen145
)
(/usr/local/texlive/2016/texmf-dist/tex/latex/makecell/makecell.sty
Package: makecell 2009/08/03 V0.1e Managing of Tab Column Heads and Cells

(/usr/local/texlive/2016/texmf-dist/tex/latex/tools/array.sty
Package: array 2014/10/28 v2.4c Tabular extension package (FMi)
\col@sep=\dimen146
\extrarowheight=\dimen147
\NC@list=\toks35
\extratabsurround=\skip89
\backup@length=\skip90
)
\rotheadsize=\dimen148
\c@nlinenum=\count126
\TeXr@lab=\toks36
)
(/usr/local/texlive/2016/texmf-dist/tex/latex/siunitx/siunitx.sty
(/usr/local/texlive/2016/texmf-dist/tex/latex/l3kernel/expl3.sty
Package: expl3 2016/05/18 v6512 L3 programming layer (loader) 

(/usr/local/texlive/2016/texmf-dist/tex/latex/l3kernel/expl3-code.tex
Package: expl3 2016/05/18 v6512 L3 programming layer (code)
L3 Module: l3bootstrap 2016/02/12 v6412 L3 Bootstrap code
L3 Module: l3names 2016/03/11 v6433 L3 Namespace for primitives
L3 Module: l3basics 2015/11/22 v6315 L3 Basic definitions
L3 Module: l3expan 2015/09/10 v5983 L3 Argument expansion
L3 Module: l3tl 2016/03/26 v6465 L3 Token lists
L3 Module: l3str 2016/03/24 v6441 L3 Strings
L3 Module: l3seq 2015/08/05 v5777 L3 Sequences and stacks
L3 Module: l3int 2016/03/24 v6441 L3 Integers
\c_max_int=\count127
\l_tmpa_int=\count128
\l_tmpb_int=\count129
\g_tmpa_int=\count130
\g_tmpb_int=\count131
L3 Module: l3quark 2015/08/17 v5855 L3 Quarks
L3 Module: l3prg 2015/11/01 v6216 L3 Control structures
\g__prg_map_int=\count132
L3 Module: l3clist 2015/09/02 v5901 L3 Comma separated lists
L3 Module: l3token 2016/04/03 v6470 L3 Experimental token manipulation
L3 Module: l3prop 2016/01/05 v6366 L3 Property lists
L3 Module: l3msg 2016/03/26 v6464 L3 Messages
L3 Module: l3file 2016/03/25 v6458 L3 File and I/O operations
\l_iow_line_count_int=\count133
\l__iow_target_count_int=\count134
\l__iow_current_line_int=\count135
\l__iow_current_word_int=\count136
\l__iow_current_indentation_int=\count137
L3 Module: l3skip 2016/01/05 v6366 L3 Dimensions and skips
\c_zero_dim=\dimen149
\c_max_dim=\dimen150
\l_tmpa_dim=\dimen151
\l_tmpb_dim=\dimen152
\g_tmpa_dim=\dimen153
\g_tmpb_dim=\dimen154
\c_zero_skip=\skip91
\c_max_skip=\skip92
\l_tmpa_skip=\skip93
\l_tmpb_skip=\skip94
\g_tmpa_skip=\skip95
\g_tmpb_skip=\skip96
\c_zero_muskip=\muskip12
\c_max_muskip=\muskip13
\l_tmpa_muskip=\muskip14
\l_tmpb_muskip=\muskip15
\g_tmpa_muskip=\muskip16
\g_tmpb_muskip=\muskip17
L3 Module: l3keys 2015/11/17 v6284 L3 Key-value interfaces
\g__keyval_level_int=\count138
\l_keys_choice_int=\count139
L3 Module: l3fp 2016/03/26 v6465 L3 Floating points
\c__fp_leading_shift_int=\count140
\c__fp_middle_shift_int=\count141
\c__fp_trailing_shift_int=\count142
\c__fp_big_leading_shift_int=\count143
\c__fp_big_middle_shift_int=\count144
\c__fp_big_trailing_shift_int=\count145
\c__fp_Bigg_leading_shift_int=\count146
\c__fp_Bigg_middle_shift_int=\count147
\c__fp_Bigg_trailing_shift_int=\count148
L3 Module: l3box 2015/08/09 v5822 L3 Experimental boxes
\c_empty_box=\box59
\l_tmpa_box=\box60
\l_tmpb_box=\box61
\g_tmpa_box=\box62
\g_tmpb_box=\box63
L3 Module: l3coffins 2016/05/17 v6508 L3 Coffin code layer
\l__coffin_internal_box=\box64
\l__coffin_internal_dim=\dimen155
\l__coffin_offset_x_dim=\dimen156
\l__coffin_offset_y_dim=\dimen157
\l__coffin_x_dim=\dimen158
\l__coffin_y_dim=\dimen159
\l__coffin_x_prime_dim=\dimen160
\l__coffin_y_prime_dim=\dimen161
\c_empty_coffin=\box65
\l__coffin_aligned_coffin=\box66
\l__coffin_aligned_internal_coffin=\box67
\l_tmpa_coffin=\box68
\l_tmpb_coffin=\box69
\l__coffin_display_coffin=\box70
\l__coffin_display_coord_coffin=\box71
\l__coffin_display_pole_coffin=\box72
\l__coffin_display_offset_dim=\dimen162
\l__coffin_display_x_dim=\dimen163
\l__coffin_display_y_dim=\dimen164
L3 Module: l3color 2014/08/23 v5354 L3 Experimental color support
L3 Module: l3sys 2015/09/25 v6087 L3 Experimental system/runtime functions
L3 Module: l3candidates 2016/05/13 v6484 L3 Experimental additions to l3kernel
\l__box_top_dim=\dimen165
\l__box_bottom_dim=\dimen166
\l__box_left_dim=\dimen167
\l__box_right_dim=\dimen168
\l__box_top_new_dim=\dimen169
\l__box_bottom_new_dim=\dimen170
\l__box_left_new_dim=\dimen171
\l__box_right_new_dim=\dimen172
\l__box_internal_box=\box73
\l__coffin_bounding_shift_dim=\dimen173
\l__coffin_left_corner_dim=\dimen174
\l__coffin_right_corner_dim=\dimen175
\l__coffin_bottom_corner_dim=\dimen176
\l__coffin_top_corner_dim=\dimen177
\l__coffin_scaled_total_height_dim=\dimen178
\l__coffin_scaled_width_dim=\dimen179
L3 Module: l3luatex 2016/03/26 v6465 L3 Experimental LuaTeX-specific functions
)
(/usr/local/texlive/2016/texmf-dist/tex/latex/l3kernel/l3pdfmode.def
File: l3pdfmode.def 2016/03/26 v6465 L3 Experimental driver: PDF mode
\l__driver_color_stack_int=\count149
\l__driver_tmp_box=\box74
))
(/usr/local/texlive/2016/texmf-dist/tex/latex/l3packages/xparse/xparse.sty
Package: xparse 2016/05/18 v6512 L3 Experimental document command parser
\l__xparse_current_arg_int=\count150
\l__xparse_m_args_int=\count151
\l__xparse_mandatory_args_int=\count152
\l__xparse_processor_int=\count153
\l__xparse_v_nesting_int=\count154
)
Package: siunitx 2016/03/01 v2.6q A comprehensive (SI) units package

(/usr/local/texlive/2016/texmf-dist/tex/latex/l3packages/l3keys2e/l3keys2e.sty
Package: l3keys2e 2016/05/18 v6512 LaTeX2e option processing using LaTeX3 keys
)
\l__siunitx_tmp_box=\box75
\l__siunitx_tmp_dim=\dimen180
\l__siunitx_tmp_int=\count155
\l__siunitx_number_mantissa_length_int=\count156
\l__siunitx_number_uncert_length_int=\count157
\l__siunitx_round_int=\count158
\l__siunitx_process_decimal_int=\count159
\l__siunitx_process_uncertainty_int=\count160
\l__siunitx_process_fixed_int=\count161
\l__siunitx_process_integer_min_int=\count162
\l__siunitx_process_precision_int=\count163
\l__siunitx_group_min_int=\count164
\l__siunitx_angle_marker_box=\box76
\l__siunitx_angle_unit_box=\box77
\l__siunitx_angle_marker_dim=\dimen181
\l__siunitx_angle_unit_dim=\dimen182
\l__siunitx_unit_int=\count165
\l__siunitx_unit_denominator_int=\count166
\l__siunitx_unit_numerator_int=\count167
\l__siunitx_unit_prefix_int=\count168
\l__siunitx_unit_prefix_base_int=\count169
\l__siunitx_unit_prefix_gram_int=\count170
\l__siunitx_number_product_int=\count171
\c__siunitx_one_fill_skip=\skip97
\l__siunitx_table_unit_align_skip=\skip98
\l__siunitx_table_exponent_dim=\dimen183
\l__siunitx_table_integer_dim=\dimen184
\l__siunitx_table_mantissa_dim=\dimen185
\l__siunitx_table_marker_dim=\dimen186
\l__siunitx_table_result_dim=\dimen187
\l__siunitx_table_uncert_dim=\dimen188
\l__siunitx_table_fill_pre_dim=\dimen189
\l__siunitx_table_fill_post_dim=\dimen190
\l__siunitx_table_fill_mid_dim=\dimen191
\l__siunitx_table_pre_box=\box78
\l__siunitx_table_post_box=\box79
\l__siunitx_table_mantissa_box=\box80
\l__siunitx_table_result_box=\box81
\l__siunitx_table_number_align_skip=\skip99
\l__siunitx_table_text_align_skip=\skip100
.................................................
. LaTeX info: "xparse/define-command"
. 
. Defining command \DeclareBinaryPrefix with sig. 'mmm' on line 7218.
.................................................
.................................................
. LaTeX info: "xparse/define-command"
. 
. Defining command \DeclareSIPostPower with sig. 'mm' on line 7221.
.................................................
.................................................
. LaTeX info: "xparse/define-command"
. 
. Defining command \DeclareSIPrefix with sig. 'mmm' on line 7224.
.................................................
.................................................
. LaTeX info: "xparse/define-command"
. 
. Defining command \DeclareSIPrePower with sig. 'mm' on line 7227.
.................................................
.................................................
. LaTeX info: "xparse/define-command"
. 
. Defining command \DeclareSIQualifier with sig. 'mm' on line 7230.
.................................................
.................................................
. LaTeX info: "xparse/define-command"
. 
. Defining command \DeclareSIUnit with sig. 'O{}mm' on line 7233.
.................................................
.................................................
. LaTeX info: "xparse/define-command"
. 
. Defining command \DeclareSIUnitWithOptions with sig. 'mmm' on line 7236.
.................................................
.................................................
. LaTeX info: "xparse/define-command"
. 
. Defining command \ang with sig. 'o>{\SplitArgument {2}{;}}m' on line 7251.
.................................................
.................................................
. LaTeX info: "xparse/define-command"
. 
. Defining command \num with sig. 'om' on line 7260.
.................................................
.................................................
. LaTeX info: "xparse/define-command"
. 
. Defining command \numlist with sig. 'o>{\SplitList {;}}m' on line 7269.
.................................................
.................................................
. LaTeX info: "xparse/define-command"
. 
. Defining command \numrange with sig. 'omm' on line 7278.
.................................................
.................................................
. LaTeX info: "xparse/define-command"
. 
. Defining command \SIlist with sig. 'o>{\SplitList {;}}mm' on line 7290.
.................................................
.................................................
. LaTeX info: "xparse/define-command"
. 
. Defining command \SIrange with sig. 'ommm' on line 7302.
.................................................
.................................................
. LaTeX info: "xparse/define-command"
. 
. Defining command \SI with sig. 'omom' on line 7314.
.................................................
.................................................
. LaTeX info: "xparse/define-command"
. 
. Defining command \sisetup with sig. 'm' on line 7317.
.................................................
.................................................
. LaTeX info: "xparse/define-command"
. 
. Defining command \tablenum with sig. 'om' on line 7332.
.................................................
.................................................
. LaTeX info: "xparse/define-command"
. 
. Defining command \si with sig. 'om' on line 7344.
.................................................
.................................................
. LaTeX info: "xparse/define-command"
. 
. Defining command \__siunitx_bookmark_num:w with sig. 'om' on line 7391.
.................................................
.................................................
. LaTeX info: "xparse/define-command"
. 
. Defining command \__siunitx_bookmark_numrange:w with sig. 'omm' on line
. 7393.
.................................................
.................................................
. LaTeX info: "xparse/define-command"
. 
. Defining command \__siunitx_bookmark_SI:w with sig. 'omom' on line 7395.
.................................................
.................................................
. LaTeX info: "xparse/define-command"
. 
. Defining command \__siunitx_bookmark_SIlist:w with sig. 'omm' on line 7397.
.................................................
.................................................
. LaTeX info: "xparse/define-command"
. 
. Defining command \__siunitx_bookmark_SIrange:w with sig. 'ommm' on line
. 7399.
.................................................
.................................................
. LaTeX info: "xparse/define-command"
. 
. Defining command \__siunitx_bookmark_si:w with sig. 'om' on line 7400.
.................................................
\g__file_internal_ior=\read3
(/usr/local/texlive/2016/texmf-dist/tex/latex/beamer/translator/translator.sty
Package: translator 2010/06/12 ver 1.10

(/usr/local/texlive/2016/texmf-dist/tex/latex/beamer/translator/translator-lang
uage-mappings.tex)))
(/usr/local/texlive/2016/texmf-dist/tex/latex/caption/subcaption.sty
Package: subcaption 2016/02/20 v1.1-142 Sub-captions (AR)

(/usr/local/texlive/2016/texmf-dist/tex/latex/caption/caption.sty
Package: caption 2016/02/21 v3.3-144 Customizing captions (AR)

(/usr/local/texlive/2016/texmf-dist/tex/latex/caption/caption3.sty
Package: caption3 2016/02/04 v1.7-139 caption3 kernel (AR)
Package caption3 Info: TeX engine: e-TeX on input line 67.
\captionmargin=\dimen192
\captionmargin@=\dimen193
\captionwidth=\dimen194
\caption@tempdima=\dimen195
\caption@indent=\dimen196
\caption@parindent=\dimen197
\caption@hangindent=\dimen198
)
\c@ContinuedFloat=\count172
Package caption Info: longtable package is loaded.

(/usr/local/texlive/2016/texmf-dist/tex/latex/caption/ltcaption.sty
Package: ltcaption 2013/06/09 v1.4-94 longtable captions (AR)
))
\c@subfigure=\count173
\c@subtable=\count174
)
(/usr/local/texlive/2016/texmf-dist/tex/latex/mathtools/mathtools.sty
Package: mathtools 2015/11/12 v1.18 mathematical typesetting tools

(/usr/local/texlive/2016/texmf-dist/tex/latex/tools/calc.sty
Package: calc 2014/10/28 v4.3 Infix arithmetic (KKT,FJ)
\calc@Acount=\count175
\calc@Bcount=\count176
\calc@Adimen=\dimen199
\calc@Bdimen=\dimen256
\calc@Askip=\skip101
\calc@Bskip=\skip102
LaTeX Info: Redefining \setlength on input line 80.
LaTeX Info: Redefining \addtolength on input line 81.
\calc@Ccount=\count177
\calc@Cskip=\skip103
)
(/usr/local/texlive/2016/texmf-dist/tex/latex/mathtools/mhsetup.sty
Package: mhsetup 2010/01/21 v1.2a programming setup (MH)
)
LaTeX Info: Thecontrolsequence`\('isalreadyrobust on input line 129.
LaTeX Info: Thecontrolsequence`\)'isalreadyrobust on input line 129.
LaTeX Info: Thecontrolsequence`\['isalreadyrobust on input line 129.
LaTeX Info: Thecontrolsequence`\]'isalreadyrobust on input line 129.
\g_MT_multlinerow_int=\count178
\l_MT_multwidth_dim=\dimen257
\origjot=\skip104
\l_MT_shortvdotswithinadjustabove_dim=\dimen258
\l_MT_shortvdotswithinadjustbelow_dim=\dimen259
\l_MT_above_intertext_sep=\dimen260
\l_MT_below_intertext_sep=\dimen261
\l_MT_above_shortintertext_sep=\dimen262
\l_MT_below_shortintertext_sep=\dimen263
)
(./p2-shooting.aux)
\openout1 = `p2-shooting.aux'.

LaTeX Font Info:    Checking defaults for OML/cmm/m/it on input line 32.
LaTeX Font Info:    ... okay on input line 32.
LaTeX Font Info:    Checking defaults for T1/cmr/m/n on input line 32.
LaTeX Font Info:    ... okay on input line 32.
LaTeX Font Info:    Checking defaults for OT1/cmr/m/n on input line 32.
LaTeX Font Info:    ... okay on input line 32.
LaTeX Font Info:    Checking defaults for OMS/cmsy/m/n on input line 32.
LaTeX Font Info:    ... okay on input line 32.
LaTeX Font Info:    Checking defaults for OMX/cmex/m/n on input line 32.
LaTeX Font Info:    ... okay on input line 32.
LaTeX Font Info:    Checking defaults for U/cmr/m/n on input line 32.
LaTeX Font Info:    ... okay on input line 32.

(/usr/local/texlive/2016/texmf-dist/tex/context/base/mkii/supp-pdf.mkii
[Loading MPS to PDF converter (version 2006.09.02).]
\scratchcounter=\count179
\scratchdimen=\dimen264
\scratchbox=\box82
\nofMPsegments=\count180
\nofMParguments=\count181
\everyMPshowfont=\toks37
\MPscratchCnt=\count182
\MPscratchDim=\dimen265
\MPnumerator=\count183
\makeMPintoPDFobject=\count184
\everyMPtoPDFconversion=\toks38
) (/usr/local/texlive/2016/texmf-dist/tex/generic/oberdiek/pdftexcmds.sty
Package: pdftexcmds 2016/05/10 v0.21 Utility functions of pdfTeX for LuaTeX (HO
)

(/usr/local/texlive/2016/texmf-dist/tex/generic/oberdiek/ifluatex.sty
Package: ifluatex 2016/05/16 v1.4 Provides the ifluatex switch (HO)
Package ifluatex Info: LuaTeX not detected.
)
(/usr/local/texlive/2016/texmf-dist/tex/generic/oberdiek/ifpdf.sty
Package: ifpdf 2016/05/14 v3.1 Provides the ifpdf switch
)
Package pdftexcmds Info: LuaTeX not detected.
Package pdftexcmds Info: \pdf@primitive is available.
Package pdftexcmds Info: \pdf@ifprimitive is available.
Package pdftexcmds Info: \pdfdraftmode found.
)
(/usr/local/texlive/2016/texmf-dist/tex/latex/oberdiek/epstopdf-base.sty
Package: epstopdf-base 2016/05/15 v2.6 Base part for package epstopdf

(/usr/local/texlive/2016/texmf-dist/tex/latex/oberdiek/grfext.sty
Package: grfext 2016/05/16 v1.2 Manage graphics extensions (HO)

(/usr/local/texlive/2016/texmf-dist/tex/generic/oberdiek/kvdefinekeys.sty
Package: kvdefinekeys 2016/05/16 v1.4 Define keys (HO)
))
(/usr/local/texlive/2016/texmf-dist/tex/latex/oberdiek/kvoptions.sty
Package: kvoptions 2016/05/16 v3.12 Key value format for package options (HO)

(/usr/local/texlive/2016/texmf-dist/tex/generic/oberdiek/kvsetkeys.sty
Package: kvsetkeys 2016/05/16 v1.17 Key value parser (HO)

(/usr/local/texlive/2016/texmf-dist/tex/generic/oberdiek/etexcmds.sty
Package: etexcmds 2016/05/16 v1.6 Avoid name clashes with e-TeX commands (HO)
Package etexcmds Info: Could not find \expanded.
(etexcmds)             That can mean that you are not using pdfTeX 1.50 or
(etexcmds)             that some package has redefined \expanded.
(etexcmds)             In the latter case, load this package earlier.
)))
Package grfext Info: Graphics extension search list:
(grfext)             [.png,.pdf,.jpg,.mps,.jpeg,.jbig2,.jb2,.PNG,.PDF,.JPG,.JPE
G,.JBIG2,.JB2,.eps]
(grfext)             \AppendGraphicsExtensions on input line 456.

(/usr/local/texlive/2016/texmf-dist/tex/latex/latexconfig/epstopdf-sys.cfg
File: epstopdf-sys.cfg 2010/07/13 v1.3 Configuration of (r)epstopdf for TeX Liv
e
))
(/usr/local/texlive/2016/texmf-dist/tex/latex/beamer/translator/dicts/translato
r-basic-dictionary/translator-basic-dictionary-English.dict
Dictionary: translator-basic-dictionary, Language: English 
)
(/usr/local/texlive/2016/texmf-dist/tex/latex/siunitx/siunitx-abbreviations.cfg
File: siunitx-abbreviations.cfg 2016/03/01 v2.6q siunitx: Abbreviated units
)
Package caption Info: Begin \AtBeginDocument code.
Package caption Info: End \AtBeginDocument code.
\c__siunitx_mathsf_int=\count185
LaTeX Font Info:    Try loading font information for U+msa on input line 32.
 (/usr/local/texlive/2016/texmf-dist/tex/latex/amsfonts/umsa.fd
File: umsa.fd 2013/01/14 v3.01 AMS symbols A
)
LaTeX Font Info:    Try loading font information for U+msb on input line 32.

(/usr/local/texlive/2016/texmf-dist/tex/latex/amsfonts/umsb.fd
File: umsb.fd 2013/01/14 v3.01 AMS symbols B
)
\c__siunitx_mathtt_int=\count186
 [1

{/usr/local/texlive/2016/texmf-var/fonts/map/pdftex/updmap/pdftex.map}] (./p2-s
hooting.toc)
\tf@toc=\write4
\openout4 = `p2-shooting.toc'.


[1] <assets/homicides_frequency_(ii).png, id=12, 606.3453pt x 378.6948pt>
File: assets/homicides_frequency_(ii).png Graphic file (type png)

<use assets/homicides_frequency_(ii).png>
Package pdftex.def Info: assets/homicides_frequency_(ii).png used on input line
 61.
(pdftex.def)             Requested size: 452.9679pt x 282.89938pt.
 [1 <./assets/homicides_frequency_(ii).png>] [2]
Underfull \hbox (badness 10000) in paragraph at lines 94--98

 []

<assets/day_frequency_poisson_(iiia).png, id=31, 341.8371pt x 361.8318pt>
File: assets/day_frequency_poisson_(iiia).png Graphic file (type png)

<use assets/day_frequency_poisson_(iiia).png>
Package pdftex.def Info: assets/day_frequency_poisson_(iiia).png used on input 
line 112.
(pdftex.def)             Requested size: 203.83417pt x 215.75912pt.

<assets/day_frequency_poisson_(iiib).png, id=32, 341.8371pt x 361.8318pt>
File: assets/day_frequency_poisson_(iiib).png Graphic file (type png)

<use assets/day_frequency_poisson_(iiib).png>
Package pdftex.def Info: assets/day_frequency_poisson_(iiib).png used on input 
line 118.
(pdftex.def)             Requested size: 203.83417pt x 215.75912pt.

Overfull \hbox (5.22217pt too wide) in paragraph at lines 110--121
 [][]  [] 
 []

[3 <./assets/day_frequency_poisson_(iiia).png> <./assets/day_frequency_poisson_
(iiib).png>]
<assets/week_month_frequency_(iva).png, id=40, 341.8371pt x 423.0204pt>
File: assets/week_month_frequency_(iva).png Graphic file (type png)

<use assets/week_month_frequency_(iva).png>
Package pdftex.def Info: assets/week_month_frequency_(iva).png used on input li
ne 142.
(pdftex.def)             Requested size: 203.83417pt x 252.24568pt.

<assets/week_month_frequency_(ivb).png, id=41, 341.8371pt x 417.4797pt>
File: assets/week_month_frequency_(ivb).png Graphic file (type png)

<use assets/week_month_frequency_(ivb).png>
Package pdftex.def Info: assets/week_month_frequency_(ivb).png used on input li
ne 148.
(pdftex.def)             Requested size: 203.83417pt x 248.94179pt.

Overfull \hbox (5.22217pt too wide) in paragraph at lines 140--151
 [][]  [] 
 []

[4 <./assets/week_month_frequency_(iva).png> <./assets/week_month_frequency_(iv
b).png>]
Underfull \hbox (badness 10000) in paragraph at lines 183--184

 []


Underfull \hbox (badness 10000) in paragraph at lines 185--189

 []

[5]
Underfull \hbox (badness 10000) in paragraph at lines 204--205

 []


Underfull \hbox (badness 10000) in paragraph at lines 223--225

 []

[6]
Underfull \hbox (badness 10000) in paragraph at lines 236--237

 []

[7]
Underfull \hbox (badness 10000) in paragraph at lines 271--273

 []

[8] <assets/cumulative_homicides_(ixa).png, id=60, 517.6941pt x 361.8318pt>
File: assets/cumulative_homicides_(ixa).png Graphic file (type png)

<use assets/cumulative_homicides_(ixa).png>
Package pdftex.def Info: assets/cumulative_homicides_(ixa).png used on input li
ne 301.
(pdftex.def)             Requested size: 301.97859pt x 211.06067pt.

<assets/cumulative_homicides_(ixb).png, id=61, 517.6941pt x 361.8318pt>
File: assets/cumulative_homicides_(ixb).png Graphic file (type png)

<use assets/cumulative_homicides_(ixb).png>
Package pdftex.def Info: assets/cumulative_homicides_(ixb).png used on input li
ne 307.
(pdftex.def)             Requested size: 301.97859pt x 211.06067pt.
 [9 <./assets/cumulative_homicides_(ixa).png> <./assets/cumulative_homicides_(i
xb).png>] [10]
Missing character: There is no â in font cmr12!
Missing character: There is no € in font cmr12!
Missing character: There is no “ in font cmr12!
Missing character: There is no â in font cmr12!
Missing character: There is no € in font cmr12!
Missing character: There is no “ in font cmr12!

No file p2-shooting.bbl.
[11] (./p2-shooting.aux) ) 
Here is how much of TeX's memory you used:
 15828 strings out of 493014
 320202 string characters out of 6133351
 338079 words of memory out of 5000000
 19174 multiletter control sequences out of 15000+600000
 17954 words of font info for 70 fonts, out of 8000000 for 9000
 1141 hyphenation exceptions out of 8191
 42i,20n,47p,10385b,558s stack positions out of 5000i,500n,10000p,200000b,80000s
</usr/local/texlive/2016/texmf-dist/fonts/type1/publi
c/amsfonts/cm/cmbx10.pfb></usr/local/texlive/2016/texmf-dist/fonts/type1/public
/amsfonts/cm/cmbx12.pfb></usr/local/texlive/2016/texmf-dist/fonts/type1/public/
amsfonts/cm/cmex10.pfb></usr/local/texlive/2016/texmf-dist/fonts/type1/public/a
msfonts/cmextra/cmex8.pfb></usr/local/texlive/2016/texmf-dist/fonts/type1/publi
c/amsfonts/cm/cmmi12.pfb></usr/local/texlive/2016/texmf-dist/fonts/type1/public
/amsfonts/cm/cmmi6.pfb></usr/local/texlive/2016/texmf-dist/fonts/type1/public/a
msfonts/cm/cmmi8.pfb></usr/local/texlive/2016/texmf-dist/fonts/type1/public/ams
fonts/cm/cmr10.pfb></usr/local/texlive/2016/texmf-dist/fonts/type1/public/amsfo
nts/cm/cmr12.pfb></usr/local/texlive/2016/texmf-dist/fonts/type1/public/amsfont
s/cm/cmr8.pfb></usr/local/texlive/2016/texmf-dist/fonts/type1/public/amsfonts/c
m/cmsy10.pfb></usr/local/texlive/2016/texmf-dist/fonts/type1/public/amsfonts/cm
/cmsy8.pfb></usr/local/texlive/2016/texmf-dist/fonts/type1/public/amsfonts/cm/c
mti12.pfb></usr/local/texlive/2016/texmf-dist/fonts/type1/public/amsfonts/cm/cm
tt12.pfb></usr/local/texlive/2016/texmf-dist/fonts/type1/public/amsfonts/symbol
s/msam10.pfb></usr/local/texlive/2016/texmf-dist/fonts/type1/public/amsfonts/sy
mbols/msbm10.pfb>
Output written on p2-shooting.pdf (13 pages, 968043 bytes).
PDF statistics:
 126 PDF objects out of 1000 (max. 8388607)
 80 compressed objects within 1 object stream
 0 named destinations out of 1000 (max. 500000)
 36 words of extra memory for PDF output out of 10000 (max. 10000000)

